<?xml version="1.0" encoding="UTF-8"?>
<!-- Generated by org.testng.reporters.JUnitReportReporter -->
<testsuite hostname="LAP-TZD-0X97612" failures="0" tests="1" name="actionExample.Action_DragDropExample" time="3.203" errors="0" timestamp="2024-11-01T12:41:10 IST" skipped="0">
  <testcase classname="actionExample.Action_DragDropExample" name="iframeExample1" time="3.203"/>
  <system-out/>
</testsuite> <!-- actionExample.Action_DragDropExample -->
