<?xml version="1.0" encoding="UTF-8"?>
<!-- Generated by org.testng.reporters.JUnitReportReporter -->
<testsuite hostname="LAP-TZD-0X97612" failures="0" tests="1" name="actionExample.RightClickDoubleClick" time="3.270" errors="0" timestamp="2024-11-02T13:59:24 IST" skipped="0">
  <testcase classname="actionExample.RightClickDoubleClick" name="doubleClickTest" time="3.270"/>
  <system-out/>
</testsuite> <!-- actionExample.RightClickDoubleClick -->
