<?xml version="1.0" encoding="UTF-8"?>
<!-- Generated by org.testng.reporters.JUnitReportReporter -->
<testsuite hostname="LAP-TZD-0X97612" failures="0" tests="1" name="actionExample.AmazonWishList" time="1.581" errors="0" timestamp="2024-11-23T10:47:08 IST" skipped="0">
  <testcase classname="actionExample.AmazonWishList" name="moveToWishList" time="1.581"/>
  <system-out/>
</testsuite> <!-- actionExample.AmazonWishList -->
