<?xml version="1.0" encoding="UTF-8"?>
<!-- Generated by org.testng.reporters.JUnitReportReporter -->
<testsuite hostname="LAP-TZD-0X97612" failures="0" tests="1" name="waits.waitexample" time="1.934" errors="0" timestamp="2024-11-17T13:30:50 IST" skipped="0">
  <testcase classname="waits.waitexample" name="check" time="1.934"/>
  <system-out/>
</testsuite> <!-- waits.waitexample -->
