<?xml version="1.0" encoding="UTF-8"?>
<!-- Generated by org.testng.reporters.JUnitReportReporter -->
<testsuite hostname="LAP-TZD-0X97612" failures="0" tests="1" name="javascriptExecutor.TestJSE" time="11.907" errors="0" timestamp="2024-10-30T19:37:06 IST" skipped="0">
  <testcase classname="javascriptExecutor.TestJSE" name="setup" time="11.907"/>
  <system-out/>
</testsuite> <!-- javascriptExecutor.TestJSE -->
