<?xml version="1.0" encoding="UTF-8"?>
<!-- Generated by org.testng.reporters.JUnitReportReporter -->
<testsuite hostname="LAP-TZD-0X97612" failures="0" tests="1" name="captureScreenshot.ScreenshotExample" time="3.569" errors="0" timestamp="2024-11-02T14:15:39 IST" skipped="0">
  <testcase classname="captureScreenshot.ScreenshotExample" name="amazonSearchTest" time="3.569"/>
  <system-out/>
</testsuite> <!-- captureScreenshot.ScreenshotExample -->
